<?xml version="1.0" encoding="UTF-8"?>
<testsuite xmlns:xsi="http://www.w3.org/2001/XMLSchema-instance" xsi:noNamespaceSchemaLocation="https://maven.apache.org/surefire/maven-surefire-plugin/xsd/surefire-test-report-3.0.xsd" version="3.0" name="com.water.dbclpm.TestUserService" time="0.08" tests="8" errors="0" skipped="0" failures="0">
  <properties>
[...]
</properties>
  <testcase name="save_testNgoaiLe1" classname="com.water.dbclpm.TestUserService" time="0.01">
    <system-out><![CDATA[2024-05-08T03:17:08.744+07:00  INFO 21436 --- [           main] t.c.s.AnnotationConfigContextLoaderUtils : Could not detect default configuration classes for test class [com.water.dbclpm.TestUserService]: TestUserService does not declare any static, non-private, non-final, nested classes annotated with @Configuration.
2024-05-08T03:17:08.746+07:00  INFO 21436 --- [           main] .b.t.c.SpringBootTestContextBootstrapper : Found @SpringBootConfiguration com.water.dbclpm.DbclpmApplication for test class com.water.dbclpm.TestUserService
2024-05-08T03:17:08.754+07:00 DEBUG 21436 --- [           main] org.hibernate.SQL                        : insert into hodan (diachichitiet,loai_id,ngayduyet,nhanvien_id,password,quanhuyen,sdt,tenchuho,xaphuong) values (?,?,?,?,?,?,?,?,?)
2024-05-08T03:17:08.756+07:00  WARN 21436 --- [           main] o.h.engine.jdbc.spi.SqlExceptionHelper   : SQL Error: 1452, SQLState: 23000
2024-05-08T03:17:08.756+07:00 ERROR 21436 --- [           main] o.h.engine.jdbc.spi.SqlExceptionHelper   : Cannot add or update a child row: a foreign key constraint fails (`water`.`hodan`, CONSTRAINT `FKjytcha2p6koq8ry0mtw2othc` FOREIGN KEY (`nhanvien_id`) REFERENCES `nvhanhchinh` (`nhanvien_id`))
]]></system-out>
  </testcase>
  <testcase name="save_testNgoaiLe2" classname="com.water.dbclpm.TestUserService" time="0.008">
    <system-out><![CDATA[2024-05-08T03:17:08.764+07:00 DEBUG 21436 --- [           main] org.hibernate.SQL                        : insert into hodan (diachichitiet,loai_id,ngayduyet,nhanvien_id,password,quanhuyen,sdt,tenchuho,xaphuong) values (?,?,?,?,?,?,?,?,?)
2024-05-08T03:17:08.766+07:00  WARN 21436 --- [           main] o.h.engine.jdbc.spi.SqlExceptionHelper   : SQL Error: 1452, SQLState: 23000
2024-05-08T03:17:08.766+07:00 ERROR 21436 --- [           main] o.h.engine.jdbc.spi.SqlExceptionHelper   : Cannot add or update a child row: a foreign key constraint fails (`water`.`hodan`, CONSTRAINT `FK7ducgnb50rn9vdg7ocfoc6o61` FOREIGN KEY (`loai_id`) REFERENCES `loaihodan` (`loai_id`))
]]></system-out>
  </testcase>
  <testcase name="save_testNgoaiLe3" classname="com.water.dbclpm.TestUserService" time="0.008">
    <system-out><![CDATA[2024-05-08T03:17:08.773+07:00 DEBUG 21436 --- [           main] org.hibernate.SQL                        : insert into hodan (diachichitiet,loai_id,ngayduyet,nhanvien_id,password,quanhuyen,sdt,tenchuho,xaphuong) values (?,?,?,?,?,?,?,?,?)
2024-05-08T03:17:08.776+07:00  WARN 21436 --- [           main] o.h.engine.jdbc.spi.SqlExceptionHelper   : SQL Error: 1452, SQLState: 23000
2024-05-08T03:17:08.776+07:00 ERROR 21436 --- [           main] o.h.engine.jdbc.spi.SqlExceptionHelper   : Cannot add or update a child row: a foreign key constraint fails (`water`.`hodan`, CONSTRAINT `FK7ducgnb50rn9vdg7ocfoc6o61` FOREIGN KEY (`loai_id`) REFERENCES `loaihodan` (`loai_id`))
]]></system-out>
  </testcase>
  <testcase name="getNhanVienBySdt_testNgoaiLe" classname="com.water.dbclpm.TestUserService" time="0.011">
    <system-out><![CDATA[2024-05-08T03:17:08.786+07:00 DEBUG 21436 --- [           main] org.hibernate.SQL                        : select nv1_0.nhanvien_id,case when nv1_1.nhanvien_id is not null then 1 when nv1_2.nhanvien_id is not null then 2 when nv1_0.nhanvien_id is not null then 0 end,nv1_0.chucvu,nv1_0.password,nv1_0.sdt,nv1_0.ten from nhanvien nv1_0 left join nvghinuoc nv1_1 on nv1_0.nhanvien_id=nv1_1.nhanvien_id left join nvhanhchinh nv1_2 on nv1_0.nhanvien_id=nv1_2.nhanvien_id where nv1_0.sdt=?
]]></system-out>
  </testcase>
  <testcase name="getHoDanTheoSdt_testChuan" classname="com.water.dbclpm.TestUserService" time="0.009">
    <system-out><![CDATA[2024-05-08T03:17:08.794+07:00 DEBUG 21436 --- [           main] org.hibernate.SQL                        : select hd1_0.hodan_id,hd1_0.diachichitiet,hd1_0.loai_id,hd1_0.ngayduyet,hd1_0.nhanvien_id,hd1_0.password,hd1_0.quanhuyen,hd1_0.sdt,hd1_0.tenchuho,hd1_0.xaphuong from hodan hd1_0 where hd1_0.sdt=?
2024-05-08T03:17:08.796+07:00 DEBUG 21436 --- [           main] org.hibernate.SQL                        : select lhd1_0.loai_id,lhd1_0.ten from loaihodan lhd1_0 where lhd1_0.loai_id=?
2024-05-08T03:17:08.798+07:00 DEBUG 21436 --- [           main] org.hibernate.SQL                        : select nc1_0.nhanvien_id,nc1_1.chucvu,nc1_1.password,nc1_1.sdt,nc1_1.ten from nvhanhchinh nc1_0 join nhanvien nc1_1 on nc1_0.nhanvien_id=nc1_1.nhanvien_id where nc1_0.nhanvien_id=?
]]></system-out>
  </testcase>
  <testcase name="getNhanVienBySdt_testChuan" classname="com.water.dbclpm.TestUserService" time="0.006">
    <system-out><![CDATA[2024-05-08T03:17:08.805+07:00 DEBUG 21436 --- [           main] org.hibernate.SQL                        : select nv1_0.nhanvien_id,case when nv1_1.nhanvien_id is not null then 1 when nv1_2.nhanvien_id is not null then 2 when nv1_0.nhanvien_id is not null then 0 end,nv1_0.chucvu,nv1_0.password,nv1_0.sdt,nv1_0.ten from nhanvien nv1_0 left join nvghinuoc nv1_1 on nv1_0.nhanvien_id=nv1_1.nhanvien_id left join nvhanhchinh nv1_2 on nv1_0.nhanvien_id=nv1_2.nhanvien_id where nv1_0.sdt=?
]]></system-out>
  </testcase>
  <testcase name="getHoDanTheoSdt_testNgoaiLe" classname="com.water.dbclpm.TestUserService" time="0.006">
    <system-out><![CDATA[2024-05-08T03:17:08.812+07:00 DEBUG 21436 --- [           main] org.hibernate.SQL                        : select hd1_0.hodan_id,hd1_0.diachichitiet,hd1_0.loai_id,hd1_0.ngayduyet,hd1_0.nhanvien_id,hd1_0.password,hd1_0.quanhuyen,hd1_0.sdt,hd1_0.tenchuho,hd1_0.xaphuong from hodan hd1_0 where hd1_0.sdt=?
]]></system-out>
  </testcase>
  <testcase name="save_testChuan" classname="com.water.dbclpm.TestUserService" time="0.006">
    <system-out><![CDATA[2024-05-08T03:17:08.819+07:00 DEBUG 21436 --- [           main] org.hibernate.SQL                        : insert into hodan (diachichitiet,loai_id,ngayduyet,nhanvien_id,password,quanhuyen,sdt,tenchuho,xaphuong) values (?,?,?,?,?,?,?,?,?)
]]></system-out>
  </testcase>
</testsuite>